{"/Users/achchu/Documents/Projects/k6-performance-testing/src/service.ts": {"path":"/Users/achchu/Documents/Projects/k6-performance-testing/src/service.ts","all":false,"statementMap":{"0":{"start":{"line":1,"column":0},"end":{"line":1,"column":26}},"1":{"start":{"line":2,"column":0},"end":{"line":2,"column":28}},"2":{"start":{"line":3,"column":0},"end":{"line":3,"column":0}},"3":{"start":{"line":4,"column":0},"end":{"line":4,"column":16}},"4":{"start":{"line":5,"column":0},"end":{"line":5,"column":0}},"5":{"start":{"line":6,"column":0},"end":{"line":6,"column":50}},"6":{"start":{"line":7,"column":0},"end":{"line":7,"column":50}},"7":{"start":{"line":8,"column":0},"end":{"line":8,"column":0}},"8":{"start":{"line":9,"column":0},"end":{"line":9,"column":15}},"9":{"start":{"line":10,"column":0},"end":{"line":10,"column":100}},"10":{"start":{"line":11,"column":0},"end":{"line":11,"column":1}},"11":{"start":{"line":12,"column":0},"end":{"line":12,"column":0}},"12":{"start":{"line":13,"column":0},"end":{"line":13,"column":15}},"13":{"start":{"line":14,"column":0},"end":{"line":14,"column":100}},"14":{"start":{"line":15,"column":0},"end":{"line":15,"column":1}},"15":{"start":{"line":16,"column":0},"end":{"line":16,"column":0}},"16":{"start":{"line":17,"column":0},"end":{"line":17,"column":55}},"17":{"start":{"line":18,"column":0},"end":{"line":18,"column":7}},"18":{"start":{"line":19,"column":0},"end":{"line":19,"column":47}},"19":{"start":{"line":20,"column":0},"end":{"line":20,"column":15}},"20":{"start":{"line":21,"column":0},"end":{"line":21,"column":38}},"21":{"start":{"line":22,"column":0},"end":{"line":22,"column":15}},"22":{"start":{"line":23,"column":0},"end":{"line":23,"column":24}},"23":{"start":{"line":24,"column":0},"end":{"line":24,"column":8}},"24":{"start":{"line":25,"column":0},"end":{"line":25,"column":7}},"25":{"start":{"line":26,"column":0},"end":{"line":26,"column":25}},"26":{"start":{"line":27,"column":0},"end":{"line":27,"column":24}},"27":{"start":{"line":28,"column":0},"end":{"line":28,"column":30}},"28":{"start":{"line":29,"column":0},"end":{"line":29,"column":93}},"29":{"start":{"line":30,"column":0},"end":{"line":30,"column":12}},"30":{"start":{"line":31,"column":0},"end":{"line":31,"column":68}},"31":{"start":{"line":32,"column":0},"end":{"line":32,"column":5}},"32":{"start":{"line":33,"column":0},"end":{"line":33,"column":16}},"33":{"start":{"line":34,"column":0},"end":{"line":34,"column":3}},"34":{"start":{"line":35,"column":0},"end":{"line":35,"column":2}},"35":{"start":{"line":36,"column":0},"end":{"line":36,"column":0}},"36":{"start":{"line":37,"column":0},"end":{"line":37,"column":85}},"37":{"start":{"line":38,"column":0},"end":{"line":38,"column":7}},"38":{"start":{"line":39,"column":0},"end":{"line":39,"column":47}},"39":{"start":{"line":40,"column":0},"end":{"line":40,"column":15}},"40":{"start":{"line":41,"column":0},"end":{"line":41,"column":41}},"41":{"start":{"line":42,"column":0},"end":{"line":42,"column":15}},"42":{"start":{"line":43,"column":0},"end":{"line":43,"column":17}},"43":{"start":{"line":44,"column":0},"end":{"line":44,"column":24}},"44":{"start":{"line":45,"column":0},"end":{"line":45,"column":8}},"45":{"start":{"line":46,"column":0},"end":{"line":46,"column":7}},"46":{"start":{"line":47,"column":0},"end":{"line":47,"column":25}},"47":{"start":{"line":48,"column":0},"end":{"line":48,"column":24}},"48":{"start":{"line":49,"column":0},"end":{"line":49,"column":30}},"49":{"start":{"line":50,"column":0},"end":{"line":50,"column":96}},"50":{"start":{"line":51,"column":0},"end":{"line":51,"column":12}},"51":{"start":{"line":52,"column":0},"end":{"line":52,"column":71}},"52":{"start":{"line":53,"column":0},"end":{"line":53,"column":5}},"53":{"start":{"line":54,"column":0},"end":{"line":54,"column":16}},"54":{"start":{"line":55,"column":0},"end":{"line":55,"column":3}},"55":{"start":{"line":56,"column":0},"end":{"line":56,"column":2}}},"s":{"0":1,"1":1,"2":1,"3":1,"4":1,"5":1,"6":1,"7":1,"8":1,"9":0,"10":0,"11":1,"12":1,"13":0,"14":0,"15":1,"16":1,"17":3,"18":3,"19":3,"20":3,"21":3,"22":3,"23":3,"24":3,"25":1,"26":3,"27":2,"28":1,"29":1,"30":1,"31":1,"32":2,"33":2,"34":3,"35":1,"36":1,"37":4,"38":4,"39":4,"40":4,"41":4,"42":4,"43":4,"44":4,"45":4,"46":2,"47":2,"48":2,"49":1,"50":1,"51":1,"52":1,"53":2,"54":2,"55":4},"branchMap":{"0":{"type":"branch","line":9,"loc":{"start":{"line":9,"column":14},"end":{"line":11,"column":1}},"locations":[{"start":{"line":9,"column":14},"end":{"line":11,"column":1}}]},"1":{"type":"branch","line":13,"loc":{"start":{"line":13,"column":14},"end":{"line":15,"column":1}},"locations":[{"start":{"line":13,"column":14},"end":{"line":15,"column":1}}]},"2":{"type":"branch","line":17,"loc":{"start":{"line":17,"column":28},"end":{"line":35,"column":2}},"locations":[{"start":{"line":17,"column":28},"end":{"line":35,"column":2}}]},"3":{"type":"branch","line":17,"loc":{"start":{"line":17,"column":53},"end":{"line":35,"column":2}},"locations":[{"start":{"line":17,"column":53},"end":{"line":35,"column":2}}]},"4":{"type":"branch","line":26,"loc":{"start":{"line":26,"column":-1},"end":{"line":27,"column":11}},"locations":[{"start":{"line":26,"column":-1},"end":{"line":27,"column":11}}]},"5":{"type":"branch","line":27,"loc":{"start":{"line":27,"column":4},"end":{"line":34,"column":3}},"locations":[{"start":{"line":27,"column":4},"end":{"line":34,"column":3}}]},"6":{"type":"branch","line":28,"loc":{"start":{"line":28,"column":13},"end":{"line":28,"column":15}},"locations":[{"start":{"line":28,"column":13},"end":{"line":28,"column":15}}]},"7":{"type":"branch","line":28,"loc":{"start":{"line":28,"column":29},"end":{"line":32,"column":5}},"locations":[{"start":{"line":28,"column":29},"end":{"line":32,"column":5}}]},"8":{"type":"branch","line":29,"loc":{"start":{"line":29,"column":68},"end":{"line":29,"column":70}},"locations":[{"start":{"line":29,"column":68},"end":{"line":29,"column":70}}]},"9":{"type":"branch","line":29,"loc":{"start":{"line":29,"column":74},"end":{"line":29,"column":91}},"locations":[{"start":{"line":29,"column":74},"end":{"line":29,"column":91}}]},"10":{"type":"branch","line":37,"loc":{"start":{"line":37,"column":31},"end":{"line":56,"column":2}},"locations":[{"start":{"line":37,"column":31},"end":{"line":56,"column":2}}]},"11":{"type":"branch","line":37,"loc":{"start":{"line":37,"column":83},"end":{"line":56,"column":2}},"locations":[{"start":{"line":37,"column":83},"end":{"line":56,"column":2}}]},"12":{"type":"branch","line":47,"loc":{"start":{"line":47,"column":-1},"end":{"line":55,"column":3}},"locations":[{"start":{"line":47,"column":-1},"end":{"line":55,"column":3}}]},"13":{"type":"branch","line":49,"loc":{"start":{"line":49,"column":13},"end":{"line":49,"column":15}},"locations":[{"start":{"line":49,"column":13},"end":{"line":49,"column":15}}]},"14":{"type":"branch","line":49,"loc":{"start":{"line":49,"column":29},"end":{"line":53,"column":5}},"locations":[{"start":{"line":49,"column":29},"end":{"line":53,"column":5}}]},"15":{"type":"branch","line":50,"loc":{"start":{"line":50,"column":71},"end":{"line":50,"column":73}},"locations":[{"start":{"line":50,"column":71},"end":{"line":50,"column":73}}]},"16":{"type":"branch","line":50,"loc":{"start":{"line":50,"column":77},"end":{"line":50,"column":94}},"locations":[{"start":{"line":50,"column":77},"end":{"line":50,"column":94}}]}},"b":{"0":[0],"1":[0],"2":[3],"3":[3],"4":[1],"5":[2],"6":[0],"7":[1],"8":[0],"9":[0],"10":[4],"11":[4],"12":[2],"13":[0],"14":[1],"15":[0],"16":[0]},"fnMap":{"0":{"name":"getStockData","decl":{"start":{"line":17,"column":28},"end":{"line":35,"column":2}},"loc":{"start":{"line":17,"column":28},"end":{"line":35,"column":2}},"line":17},"1":{"name":"getIntradayData","decl":{"start":{"line":37,"column":31},"end":{"line":56,"column":2}},"loc":{"start":{"line":37,"column":31},"end":{"line":56,"column":2}},"line":37}},"f":{"0":3,"1":4}}
}
