TN:
SF:src/service.ts
FN:17,getStockData
FN:37,getIntradayData
FNF:2
FNH:2
FNDA:3,getStockData
FNDA:4,getIntradayData
DA:1,1
DA:2,1
DA:3,1
DA:4,1
DA:5,1
DA:6,1
DA:7,1
DA:8,1
DA:9,1
DA:10,0
DA:11,0
DA:12,1
DA:13,1
DA:14,0
DA:15,0
DA:16,1
DA:17,1
DA:18,3
DA:19,3
DA:20,3
DA:21,3
DA:22,3
DA:23,3
DA:24,3
DA:25,3
DA:26,1
DA:27,3
DA:28,2
DA:29,1
DA:30,1
DA:31,1
DA:32,1
DA:33,2
DA:34,2
DA:35,3
DA:36,1
DA:37,1
DA:38,4
DA:39,4
DA:40,4
DA:41,4
DA:42,4
DA:43,4
DA:44,4
DA:45,4
DA:46,4
DA:47,2
DA:48,2
DA:49,2
DA:50,1
DA:51,1
DA:52,1
DA:53,1
DA:54,2
DA:55,2
DA:56,4
LF:56
LH:52
BRDA:9,0,0,0
BRDA:13,1,0,0
BRDA:17,2,0,3
BRDA:17,3,0,3
BRDA:26,4,0,1
BRDA:27,5,0,2
BRDA:28,6,0,0
BRDA:28,7,0,1
BRDA:29,8,0,0
BRDA:29,9,0,0
BRDA:37,10,0,4
BRDA:37,11,0,4
BRDA:47,12,0,2
BRDA:49,13,0,0
BRDA:49,14,0,1
BRDA:50,15,0,0
BRDA:50,16,0,0
BRF:17
BRH:9
end_of_record
